# JRE version: OpenJDK Runtime Environment (8.0_242-b01) (build 1.8.0_242-release-1644-b01)
# Java VM: OpenJDK 64-Bit Server VM (25.242-b01 mixed mode windows-amd64 compressed oops)
Heap:
 PSYoungGen      total 28672K, used 10338K [0x00000000e0a00000, 0x00000000e2a00000, 0x0000000100000000)
  eden space 24576K, 42% used [0x00000000e0a00000,0x00000000e1418b98,0x00000000e2200000)
  from space 4096K, 0% used [0x00000000e2600000,0x00000000e2600000,0x00000000e2a00000)
  to   space 4096K, 0% used [0x00000000e2200000,0x00000000e2200000,0x00000000e2600000)
 ParOldGen       total 27648K, used 3047K [0x00000000a1e00000, 0x00000000a3900000, 0x00000000e0a00000)
  object space 27648K, 11% used [0x00000000a1e00000,0x00000000a20f9c20,0x00000000a3900000)
 Metaspace       used 11514K, capacity 11766K, committed 12160K, reserved 1064960K
  class space    used 1455K, capacity 1561K, committed 1664K, reserved 1048576K
GC Heap History (6 events):
Event: 2.387 GC heap before
{Heap before GC invocations=1 (full 0):
 PSYoungGen      total 28672K, used 24576K [0x00000000e0a00000, 0x00000000e2a00000, 0x0000000100000000)
  eden space 24576K, 100% used [0x00000000e0a00000,0x00000000e2200000,0x00000000e2200000)
  from space 4096K, 0% used [0x00000000e2600000,0x00000000e2600000,0x00000000e2a00000)
  to   space 4096K, 0% used [0x00000000e2200000,0x00000000e2200000,0x00000000e2600000)
 ParOldGen       total 65536K, used 0K [0x00000000a1e00000, 0x00000000a5e00000, 0x00000000e0a00000)
  object space 65536K, 0% used [0x00000000a1e00000,0x00000000a1e00000,0x00000000a5e00000)
 Metaspace       used 7294K, capacity 7556K, committed 7680K, reserved 1056768K
  class space    used 917K, capacity 1012K, committed 1024K, reserved 1048576K
Event: 2.397 GC heap after
Heap after GC invocations=1 (full 0):
 PSYoungGen      total 28672K, used 3682K [0x00000000e0a00000, 0x00000000e2a00000, 0x0000000100000000)
  eden space 24576K, 0% used [0x00000000e0a00000,0x00000000e0a00000,0x00000000e2200000)
  from space 4096K, 89% used [0x00000000e2200000,0x00000000e2598b20,0x00000000e2600000)
  to   space 4096K, 0% used [0x00000000e2600000,0x00000000e2600000,0x00000000e2a00000)
 ParOldGen       total 65536K, used 8K [0x00000000a1e00000, 0x00000000a5e00000, 0x00000000e0a00000)
  object space 65536K, 0% used [0x00000000a1e00000,0x00000000a1e02000,0x00000000a5e00000)
 Metaspace       used 7294K, capacity 7556K, committed 7680K, reserved 1056768K
  class space    used 917K, capacity 1012K, committed 1024K, reserved 1048576K
}
Event: 4.654 GC heap before
{Heap before GC invocations=2 (full 0):
 PSYoungGen      total 28672K, used 15459K [0x00000000e0a00000, 0x00000000e2a00000, 0x0000000100000000)
  eden space 24576K, 47% used [0x00000000e0a00000,0x00000000e1580398,0x00000000e2200000)
  from space 4096K, 89% used [0x00000000e2200000,0x00000000e2598b20,0x00000000e2600000)
  to   space 4096K, 0% used [0x00000000e2600000,0x00000000e2600000,0x00000000e2a00000)
 ParOldGen       total 65536K, used 8K [0x00000000a1e00000, 0x00000000a5e00000, 0x00000000e0a00000)
  object space 65536K, 0% used [0x00000000a1e00000,0x00000000a1e02000,0x00000000a5e00000)
 Metaspace       used 9190K, capacity 9466K, committed 9600K, reserved 1064960K
  class space    used 1211K, capacity 1325K, committed 1408K, reserved 1048576K
Event: 4.660 GC heap after
Heap after GC invocations=2 (full 0):
 PSYoungGen      total 28672K, used 3233K [0x00000000e0a00000, 0x00000000e2a00000, 0x0000000100000000)
  eden space 24576K, 0% used [0x00000000e0a00000,0x00000000e0a00000,0x00000000e2200000)
  from space 4096K, 78% used [0x00000000e2600000,0x00000000e2928780,0x00000000e2a00000)
  to   space 4096K, 0% used [0x00000000e2200000,0x00000000e2200000,0x00000000e2600000)
 ParOldGen       total 65536K, used 16K [0x00000000a1e00000, 0x00000000a5e00000, 0x00000000e0a00000)
  object space 65536K, 0% used [0x00000000a1e00000,0x00000000a1e04000,0x00000000a5e00000)
 Metaspace       used 9190K, capacity 9466K, committed 9600K, reserved 1064960K
  class space    used 1211K, capacity 1325K, committed 1408K, reserved 1048576K
}
Event: 4.660 GC heap before
{Heap before GC invocations=3 (full 1):
 PSYoungGen      total 28672K, used 3233K [0x00000000e0a00000, 0x00000000e2a00000, 0x0000000100000000)
  eden space 24576K, 0% used [0x00000000e0a00000,0x00000000e0a00000,0x00000000e2200000)
  from space 4096K, 78% used [0x00000000e2600000,0x00000000e2928780,0x00000000e2a00000)
  to   space 4096K, 0% used [0x00000000e2200000,0x00000000e2200000,0x00000000e2600000)
 ParOldGen       total 65536K, used 16K [0x00000000a1e00000, 0x00000000a5e00000, 0x00000000e0a00000)
  object space 65536K, 0% used [0x00000000a1e00000,0x00000000a1e04000,0x00000000a5e00000)
 Metaspace       used 9190K, capacity 9466K, committed 9600K, reserved 1064960K
  class space    used 1211K, capacity 1325K, committed 1408K, reserved 1048576K
Event: 4.684 GC heap after
Heap after GC invocations=3 (full 1):
 PSYoungGen      total 28672K, used 0K [0x00000000e0a00000, 0x00000000e2a00000, 0x0000000100000000)
  eden space 24576K, 0% used [0x00000000e0a00000,0x00000000e0a00000,0x00000000e2200000)
  from space 4096K, 0% used [0x00000000e2600000,0x00000000e2600000,0x00000000e2a00000)
  to   space 4096K, 0% used [0x00000000e2200000,0x00000000e2200000,0x00000000e2600000)
 ParOldGen       total 27648K, used 3047K [0x00000000a1e00000, 0x00000000a3900000, 0x00000000e0a00000)
  object space 27648K, 11% used [0x00000000a1e00000,0x00000000a20f9c20,0x00000000a3900000)
 Metaspace       used 9190K, capacity 9466K, committed 9600K, reserved 1062912K
  class space    used 1211K, capacity 1325K, committed 1408K, reserved 1048576K
}

