# JRE version: OpenJDK Runtime Environment (8.0_242-b01) (build 1.8.0_242-release-1644-b01)
# Java VM: OpenJDK 64-Bit Server VM (25.242-b01 mixed mode windows-amd64 compressed oops)
Heap:
 PSYoungGen      total 249344K, used 4556K [0x00000000e0000000, 0x00000000f4380000, 0x0000000100000000)
  eden space 228864K, 1% used [0x00000000e0000000,0x00000000e0473260,0x00000000edf80000)
  from space 20480K, 0% used [0x00000000edf80000,0x00000000edf80000,0x00000000ef380000)
  to   space 27136K, 0% used [0x00000000f2900000,0x00000000f2900000,0x00000000f4380000)
 ParOldGen       total 142336K, used 42935K [0x00000000a0000000, 0x00000000a8b00000, 0x00000000e0000000)
  object space 142336K, 30% used [0x00000000a0000000,0x00000000a29edcd8,0x00000000a8b00000)
 Metaspace       used 57007K, capacity 59036K, committed 59224K, reserved 1099776K
  class space    used 7751K, capacity 8287K, committed 8320K, reserved 1048576K
GC Heap History (10 events):
Event: 31.223 GC heap before
{Heap before GC invocations=8 (full 1):
 PSYoungGen      total 161280K, used 117696K [0x00000000e0000000, 0x00000000ed700000, 0x0000000100000000)
  eden space 150528K, 71% used [0x00000000e0000000,0x00000000e6893318,0x00000000e9300000)
  from space 10752K, 98% used [0x00000000ecc80000,0x00000000ed6dcfe8,0x00000000ed700000)
  to   space 14336K, 0% used [0x00000000ebb00000,0x00000000ebb00000,0x00000000ec900000)
 ParOldGen       total 58368K, used 14361K [0x00000000a0000000, 0x00000000a3900000, 0x00000000e0000000)
  object space 58368K, 24% used [0x00000000a0000000,0x00000000a0e064f8,0x00000000a3900000)
 Metaspace       used 34456K, capacity 35332K, committed 35416K, reserved 1079296K
  class space    used 4716K, capacity 4950K, committed 4992K, reserved 1048576K
Event: 31.411 GC heap after
Heap after GC invocations=8 (full 1):
 PSYoungGen      total 205824K, used 13258K [0x00000000e0000000, 0x00000000f0380000, 0x0000000100000000)
  eden space 191488K, 0% used [0x00000000e0000000,0x00000000e0000000,0x00000000ebb00000)
  from space 14336K, 92% used [0x00000000ebb00000,0x00000000ec7f2868,0x00000000ec900000)
  to   space 16384K, 0% used [0x00000000ef380000,0x00000000ef380000,0x00000000f0380000)
 ParOldGen       total 58368K, used 14369K [0x00000000a0000000, 0x00000000a3900000, 0x00000000e0000000)
  object space 58368K, 24% used [0x00000000a0000000,0x00000000a0e084f8,0x00000000a3900000)
 Metaspace       used 34456K, capacity 35332K, committed 35416K, reserved 1079296K
  class space    used 4716K, capacity 4950K, committed 4992K, reserved 1048576K
}
Event: 31.412 GC heap before
{Heap before GC invocations=9 (full 2):
 PSYoungGen      total 205824K, used 13258K [0x00000000e0000000, 0x00000000f0380000, 0x0000000100000000)
  eden space 191488K, 0% used [0x00000000e0000000,0x00000000e0000000,0x00000000ebb00000)
  from space 14336K, 92% used [0x00000000ebb00000,0x00000000ec7f2868,0x00000000ec900000)
  to   space 16384K, 0% used [0x00000000ef380000,0x00000000ef380000,0x00000000f0380000)
 ParOldGen       total 58368K, used 14369K [0x00000000a0000000, 0x00000000a3900000, 0x00000000e0000000)
  object space 58368K, 24% used [0x00000000a0000000,0x00000000a0e084f8,0x00000000a3900000)
 Metaspace       used 34456K, capacity 35332K, committed 35416K, reserved 1079296K
  class space    used 4716K, capacity 4950K, committed 4992K, reserved 1048576K
Event: 32.268 GC heap after
Heap after GC invocations=9 (full 2):
 PSYoungGen      total 205824K, used 0K [0x00000000e0000000, 0x00000000f0380000, 0x0000000100000000)
  eden space 191488K, 0% used [0x00000000e0000000,0x00000000e0000000,0x00000000ebb00000)
  from space 14336K, 0% used [0x00000000ebb00000,0x00000000ebb00000,0x00000000ec900000)
  to   space 16384K, 0% used [0x00000000ef380000,0x00000000ef380000,0x00000000f0380000)
 ParOldGen       total 88576K, used 19670K [0x00000000a0000000, 0x00000000a5680000, 0x00000000e0000000)
  object space 88576K, 22% used [0x00000000a0000000,0x00000000a1335a90,0x00000000a5680000)
 Metaspace       used 34437K, capacity 35272K, committed 35416K, reserved 1079296K
  class space    used 4711K, capacity 4940K, committed 4992K, reserved 1048576K
}
Event: 60.144 GC heap before
{Heap before GC invocations=10 (full 2):
 PSYoungGen      total 205824K, used 191488K [0x00000000e0000000, 0x00000000f0380000, 0x0000000100000000)
  eden space 191488K, 100% used [0x00000000e0000000,0x00000000ebb00000,0x00000000ebb00000)
  from space 14336K, 0% used [0x00000000ebb00000,0x00000000ebb00000,0x00000000ec900000)
  to   space 16384K, 0% used [0x00000000ef380000,0x00000000ef380000,0x00000000f0380000)
 ParOldGen       total 88576K, used 19670K [0x00000000a0000000, 0x00000000a5680000, 0x00000000e0000000)
  object space 88576K, 22% used [0x00000000a0000000,0x00000000a1335a90,0x00000000a5680000)
 Metaspace       used 46959K, capacity 48280K, committed 48344K, reserved 1091584K
  class space    used 6293K, capacity 6649K, committed 6656K, reserved 1048576K
Event: 60.495 GC heap after
Heap after GC invocations=10 (full 2):
 PSYoungGen      total 245248K, used 16362K [0x00000000e0000000, 0x00000000f1f80000, 0x0000000100000000)
  eden space 228864K, 0% used [0x00000000e0000000,0x00000000e0000000,0x00000000edf80000)
  from space 16384K, 99% used [0x00000000ef380000,0x00000000f037aac8,0x00000000f0380000)
  to   space 20480K, 0% used [0x00000000edf80000,0x00000000edf80000,0x00000000ef380000)
 ParOldGen       total 88576K, used 23000K [0x00000000a0000000, 0x00000000a5680000, 0x00000000e0000000)
  object space 88576K, 25% used [0x00000000a0000000,0x00000000a1676138,0x00000000a5680000)
 Metaspace       used 46959K, capacity 48280K, committed 48344K, reserved 1091584K
  class space    used 6293K, capacity 6649K, committed 6656K, reserved 1048576K
}
Event: 87.539 GC heap before
{Heap before GC invocations=11 (full 2):
 PSYoungGen      total 245248K, used 192679K [0x00000000e0000000, 0x00000000f1f80000, 0x0000000100000000)
  eden space 228864K, 77% used [0x00000000e0000000,0x00000000eac2f300,0x00000000edf80000)
  from space 16384K, 99% used [0x00000000ef380000,0x00000000f037aac8,0x00000000f0380000)
  to   space 20480K, 0% used [0x00000000edf80000,0x00000000edf80000,0x00000000ef380000)
 ParOldGen       total 88576K, used 23000K [0x00000000a0000000, 0x00000000a5680000, 0x00000000e0000000)
  object space 88576K, 25% used [0x00000000a0000000,0x00000000a1676138,0x00000000a5680000)
 Metaspace       used 56960K, capacity 58894K, committed 58968K, reserved 1099776K
  class space    used 7738K, capacity 8282K, committed 8320K, reserved 1048576K
Event: 88.023 GC heap after
Heap after GC invocations=11 (full 2):
 PSYoungGen      total 249344K, used 20450K [0x00000000e0000000, 0x00000000f4380000, 0x0000000100000000)
  eden space 228864K, 0% used [0x00000000e0000000,0x00000000e0000000,0x00000000edf80000)
  from space 20480K, 99% used [0x00000000edf80000,0x00000000ef378bb0,0x00000000ef380000)
  to   space 27136K, 0% used [0x00000000f2900000,0x00000000f2900000,0x00000000f4380000)
 ParOldGen       total 88576K, used 31319K [0x00000000a0000000, 0x00000000a5680000, 0x00000000e0000000)
  object space 88576K, 35% used [0x00000000a0000000,0x00000000a1e95e90,0x00000000a5680000)
 Metaspace       used 56960K, capacity 58894K, committed 58968K, reserved 1099776K
  class space    used 7738K, capacity 8282K, committed 8320K, reserved 1048576K
}
Event: 88.024 GC heap before
{Heap before GC invocations=12 (full 3):
 PSYoungGen      total 249344K, used 20450K [0x00000000e0000000, 0x00000000f4380000, 0x0000000100000000)
  eden space 228864K, 0% used [0x00000000e0000000,0x00000000e0000000,0x00000000edf80000)
  from space 20480K, 99% used [0x00000000edf80000,0x00000000ef378bb0,0x00000000ef380000)
  to   space 27136K, 0% used [0x00000000f2900000,0x00000000f2900000,0x00000000f4380000)
 ParOldGen       total 88576K, used 31319K [0x00000000a0000000, 0x00000000a5680000, 0x00000000e0000000)
  object space 88576K, 35% used [0x00000000a0000000,0x00000000a1e95e90,0x00000000a5680000)
 Metaspace       used 56960K, capacity 58894K, committed 58968K, reserved 1099776K
  class space    used 7738K, capacity 8282K, committed 8320K, reserved 1048576K
Event: 93.456 GC heap after
Heap after GC invocations=12 (full 3):
 PSYoungGen      total 249344K, used 0K [0x00000000e0000000, 0x00000000f4380000, 0x0000000100000000)
  eden space 228864K, 0% used [0x00000000e0000000,0x00000000e0000000,0x00000000edf80000)
  from space 20480K, 0% used [0x00000000edf80000,0x00000000edf80000,0x00000000ef380000)
  to   space 27136K, 0% used [0x00000000f2900000,0x00000000f2900000,0x00000000f4380000)
 ParOldGen       total 142336K, used 42935K [0x00000000a0000000, 0x00000000a8b00000, 0x00000000e0000000)
  object space 142336K, 30% used [0x00000000a0000000,0x00000000a29edcd8,0x00000000a8b00000)
 Metaspace       used 56960K, capacity 58894K, committed 58968K, reserved 1099776K
  class space    used 7738K, capacity 8282K, committed 8320K, reserved 1048576K
}

